iMPACT Version: 13.4

iMPACT log file Started on Tue May 10 13:13:14 2016

Welcome to iMPACT
iMPACT Version: 13.4
Project: '/home/admin/Xilinx/DisplayController//auto_project.ipf' alreadyexists.
Original project has been renamed to'/home/admin/Xilinx/DisplayController//auto_project_1.ipf'.
Project: /home/admin/Xilinx/DisplayController//auto_project.ipf created.
// *** BATCH CMD : setMode -bs
GUI --- Auto connect to cable...
// *** BATCH CMD : setCable -port auto
INFO:iMPACT - Digilent Plugin: no JTAG device was found.
AutoDetecting cable. Please wait.
PROGRESS_START - Starting Operation.
Connecting to cable (Usb Port - USB21).
Checking cable driver.
File version of /workspace/opt/Xilinx/ISE_DS/ISE/bin/lin64/xusbdfwu.hex = 1030.
File version of /etc/hotplug/usb/xusbdfwu.fw/xusbdfwu.hex = 1030.
 Using libusb.
 Kernel release = 2.6.32-220.17.1.el6.x86_64.
 Max current requested during enumeration is 74 mA.
Type = 0x0004.
 Cable Type = 3, Revision = 0.
 Setting cable speed to 6 MHz.
Cable connection established.
Firmware version = 1028.
File version of /workspace/opt/Xilinx/ISE_DS/ISE/data/xusb_xlp.hex = 1303.
Firmware hex file version = 1303.
Downloading /workspace/opt/Xilinx/ISE_DS/ISE/data/xusb_xlp.hex.
Downloaded firmware version = 1303.
PLD file version = 0012h.
 PLD version = 0012h.
PROGRESS_END - End Operation.
Elapsed time =      0 sec.
Type = 0x0004.
 ESN device is not available for this cable.
Attempting to identify devices in the boundary-scan chain configuration...
INFO:iMPACT - Current time: 5/10/16 1:13 PM
// *** BATCH CMD : Identify -inferir 
PROGRESS_START - Starting Operation.
Identifying chain contents...'0': : Manufacturer's ID = Xilinx xcf04s, Version : 15
INFO:iMPACT:1777 - 
   Reading /workspace/opt/Xilinx/ISE_DS/ISE/xcf/data/xcf04s.bsd...
INFO:iMPACT:501 - '1': Added Device xcf04s successfully.
----------------------------------------------------------------------
'1': : Manufacturer's ID = Xilinx xc3s700an, Version : 2
INFO:iMPACT:1777 - 
   Reading /workspace/opt/Xilinx/ISE_DS/ISE/spartan3a/data/xc3s700an.bsd...
INFO:iMPACT:501 - '1': Added Device xc3s700an successfully.
----------------------------------------------------------------------
done.
PROGRESS_END - End Operation.
Elapsed time =      1 sec.
// *** BATCH CMD : identifyMPM 
// *** BATCH CMD : assignFile -p 1 -file"/home/admin/Documents/sl2/filipe-joao/relatorio-01/ULA/ula.bit"
'1': Loading file'/home/admin/Documents/sl2/filipe-joao/relatorio-01/ULA/ula.bit' ...
done.
Found sync word in bitstream.
UserID read from the bitstream file = 0xFFFFFFFF.
----------------------------------------------------------------------
INFO:iMPACT:501 - '1': Added Device xc3s700an successfully.
----------------------------------------------------------------------
Cable is not connected.
GUI --- Auto connect to cable...
// *** BATCH CMD : setCable -port auto
AutoDetecting cable. Please wait.
PROGRESS_START - Starting Operation.
Connecting to cable (Usb Port - USB21).
Checking cable driver.
File version of /workspace/opt/Xilinx/ISE_DS/ISE/bin/lin64/xusbdfwu.hex = 1030.
File version of /etc/hotplug/usb/xusbdfwu.fw/xusbdfwu.hex = 1030.
 Using libusb.
 Kernel release = 2.6.32-220.17.1.el6.x86_64.
Cable connection failed.
Connecting to cable (Parallel Port - parport0).
 Cannot access /dev/windrvr6 - Permission denied.
Cable connection failed.
Connecting to cable (Parallel Port - parport1).
 Cannot access /dev/windrvr6 - Permission denied.
Cable connection failed.
Connecting to cable (Parallel Port - parport2).
 Cannot access /dev/windrvr6 - Permission denied.
Cable connection failed.
Connecting to cable (Parallel Port - parport3).
 Cannot access /dev/windrvr6 - Permission denied.
Cable connection failed.
PROGRESS_END - End Operation.
Elapsed time =      1 sec.
Cable autodetection failed.
WARNING:iMPACT:923 - Can not find cable, check cable setup !GUI --- Auto connect to cable...
// *** BATCH CMD : setCable -port auto
AutoDetecting cable. Please wait.
PROGRESS_START - Starting Operation.
Connecting to cable (Usb Port - USB21).
Checking cable driver.
File version of /workspace/opt/Xilinx/ISE_DS/ISE/bin/lin64/xusbdfwu.hex = 1030.
File version of /etc/hotplug/usb/xusbdfwu.fw/xusbdfwu.hex = 1030.
 Using libusb.
 Kernel release = 2.6.32-220.17.1.el6.x86_64.
 Max current requested during enumeration is 74 mA.
Type = 0x0004.
 Cable Type = 3, Revision = 0.
 Setting cable speed to 6 MHz.
Cable connection established.
Firmware version = 1028.
File version of /workspace/opt/Xilinx/ISE_DS/ISE/data/xusb_xlp.hex = 1303.
Firmware hex file version = 1303.
Downloading /workspace/opt/Xilinx/ISE_DS/ISE/data/xusb_xlp.hex.
Downloaded firmware version = 1303.
PLD file version = 0012h.
 PLD version = 0012h.
PROGRESS_END - End Operation.
Elapsed time =      0 sec.
Type = 0x0004.
 ESN device is not available for this cable.
INFO:iMPACT - Current time: 5/10/16 1:16 PM
// *** BATCH CMD : Program -p 1 -onlyFpga 
Maximum TCK operating frequency for this device chain: 10000000.
Validating chain...
Boundary-scan chain validated successfully.
Updating config file/home/admin/Documents/sl2/filipe-joao/relatorio-01/ULA/ula.bit...
PROGRESS_START - Starting Operation.
'1': Programming device...
 LCK_cycle = NoWait.
LCK cycle: NoWait
done.
'1': Reading status register contents...
CRC error                                                                  :        0
IDCODE not validated while writing FDRI                                    :        0
DCM Locked                                                                 :        1
status of GTS_CFG_B                                                        :        1
status of GWE                                                              :        1
status of GHIGH                                                            :        1
value of VSEL pin 0                                                        :        1
value of VSEL pin 1                                                        :        1
value of VSEL pin 2                                                        :        1
value of MODE pin M0                                                       :        0
value of MODE pin M1                                                       :        0
value of MODE pin M2                                                       :        0
value of CFG_RDY (INIT_B)                                                  :        1
DONEIN input from Done Pin                                                 :        1
SYNC word not found                                                        :        0
INFO:iMPACT:2219 - Status register values:
INFO:iMPACT - 0011 1111 1000 1100 
INFO:iMPACT:579 - '1': Completed downloading bit file to device.
INFO:iMPACT:188 - '1': Programming completed successfully.
 LCK_cycle = NoWait.
LCK cycle: NoWait
INFO:iMPACT - '1': Checking done pin....done.
'1': Programmed successfully.
PROGRESS_END - End Operation.
Elapsed time =      1 sec.
INFO:iMPACT - Current time: 5/10/16 1:32 PM
Updating config file/home/admin/Documents/sl2/filipe-joao/relatorio-01/ULA/ula.bit...
Found sync word in bitstream.
// *** BATCH CMD : Program -p 1 -onlyFpga 
Maximum TCK operating frequency for this device chain: 10000000.
Validating chain...
Boundary-scan chain validated successfully.
Updating config file/home/admin/Documents/sl2/filipe-joao/relatorio-01/ULA/ula.bit...
PROGRESS_START - Starting Operation.
'1': Programming device...
 LCK_cycle = NoWait.
LCK cycle: NoWait
done.
'1': Reading status register contents...
CRC error                                                                  :        0
IDCODE not validated while writing FDRI                                    :        0
DCM Locked                                                                 :        1
status of GTS_CFG_B                                                        :        1
status of GWE                                                              :        1
status of GHIGH                                                            :        1
value of VSEL pin 0                                                        :        1
value of VSEL pin 1                                                        :        1
value of VSEL pin 2                                                        :        1
value of MODE pin M0                                                       :        0
value of MODE pin M1                                                       :        0
value of MODE pin M2                                                       :        0
value of CFG_RDY (INIT_B)                                                  :        1
DONEIN input from Done Pin                                                 :        1
SYNC word not found                                                        :        0
INFO:iMPACT:2219 - Status register values:
INFO:iMPACT - 0011 1111 1000 1100 
INFO:iMPACT:579 - '1': Completed downloading bit file to device.
INFO:iMPACT:188 - '1': Programming completed successfully.
 LCK_cycle = NoWait.
LCK cycle: NoWait
INFO:iMPACT - '1': Checking done pin....done.
'1': Programmed successfully.
PROGRESS_END - End Operation.
Elapsed time =      0 sec.
INFO:iMPACT - Current time: 5/10/16 1:42 PM
Updating config file/home/admin/Documents/sl2/filipe-joao/relatorio-01/ULA/ula.bit...
Found sync word in bitstream.
// *** BATCH CMD : Program -p 1 -onlyFpga 
Maximum TCK operating frequency for this device chain: 10000000.
Validating chain...
Boundary-scan chain validated successfully.
Updating config file/home/admin/Documents/sl2/filipe-joao/relatorio-01/ULA/ula.bit...
PROGRESS_START - Starting Operation.
'1': Programming device...
 LCK_cycle = NoWait.
LCK cycle: NoWait
done.
'1': Reading status register contents...
CRC error                                                                  :        0
IDCODE not validated while writing FDRI                                    :        0
DCM Locked                                                                 :        1
status of GTS_CFG_B                                                        :        1
status of GWE                                                              :        1
status of GHIGH                                                            :        1
value of VSEL pin 0                                                        :        1
value of VSEL pin 1                                                        :        1
value of VSEL pin 2                                                        :        1
value of MODE pin M0                                                       :        0
value of MODE pin M1                                                       :        0
value of MODE pin M2                                                       :        0
value of CFG_RDY (INIT_B)                                                  :        1
DONEIN input from Done Pin                                                 :        1
SYNC word not found                                                        :        0
INFO:iMPACT:2219 - Status register values:
INFO:iMPACT - 0011 1111 1000 1100 
INFO:iMPACT:579 - '1': Completed downloading bit file to device.
INFO:iMPACT:188 - '1': Programming completed successfully.
 LCK_cycle = NoWait.
LCK cycle: NoWait
INFO:iMPACT - '1': Checking done pin....done.
'1': Programmed successfully.
PROGRESS_END - End Operation.
Elapsed time =      1 sec.
INFO:iMPACT - Current time: 5/10/16 1:44 PM
Updating config file/home/admin/Documents/sl2/filipe-joao/relatorio-01/ULA/ula.bit...
Found sync word in bitstream.
// *** BATCH CMD : Program -p 1 -onlyFpga 
Maximum TCK operating frequency for this device chain: 10000000.
Validating chain...
Boundary-scan chain validated successfully.
Updating config file/home/admin/Documents/sl2/filipe-joao/relatorio-01/ULA/ula.bit...
PROGRESS_START - Starting Operation.
'1': Programming device...
 LCK_cycle = NoWait.
LCK cycle: NoWait
done.
'1': Reading status register contents...
CRC error                                                                  :        0
IDCODE not validated while writing FDRI                                    :        0
DCM Locked                                                                 :        1
status of GTS_CFG_B                                                        :        1
status of GWE                                                              :        1
status of GHIGH                                                            :        1
value of VSEL pin 0                                                        :        1
value of VSEL pin 1                                                        :        1
value of VSEL pin 2                                                        :        1
value of MODE pin M0                                                       :        0
value of MODE pin M1                                                       :        0
value of MODE pin M2                                                       :        0
value of CFG_RDY (INIT_B)                                                  :        1
DONEIN input from Done Pin                                                 :        1
SYNC word not found                                                        :        0
INFO:iMPACT:2219 - Status register values:
INFO:iMPACT - 0011 1111 1000 1100 
INFO:iMPACT:579 - '1': Completed downloading bit file to device.
INFO:iMPACT:188 - '1': Programming completed successfully.
 LCK_cycle = NoWait.
LCK cycle: NoWait
INFO:iMPACT - '1': Checking done pin....done.
'1': Programmed successfully.
PROGRESS_END - End Operation.
Elapsed time =      1 sec.
INFO:iMPACT - Current time: 5/10/16 1:50 PM
Updating config file/home/admin/Documents/sl2/filipe-joao/relatorio-01/ULA/ula.bit...
Found sync word in bitstream.
// *** BATCH CMD : Program -p 1 -onlyFpga 
Maximum TCK operating frequency for this device chain: 10000000.
Validating chain...
Boundary-scan chain validated successfully.
Updating config file/home/admin/Documents/sl2/filipe-joao/relatorio-01/ULA/ula.bit...
PROGRESS_START - Starting Operation.
'1': Programming device...
 LCK_cycle = NoWait.
LCK cycle: NoWait
done.
'1': Reading status register contents...
CRC error                                                                  :        0
IDCODE not validated while writing FDRI                                    :        0
DCM Locked                                                                 :        1
status of GTS_CFG_B                                                        :        1
status of GWE                                                              :        1
status of GHIGH                                                            :        1
value of VSEL pin 0                                                        :        1
value of VSEL pin 1                                                        :        1
value of VSEL pin 2                                                        :        1
value of MODE pin M0                                                       :        0
value of MODE pin M1                                                       :        0
value of MODE pin M2                                                       :        0
value of CFG_RDY (INIT_B)                                                  :        1
DONEIN input from Done Pin                                                 :        1
SYNC word not found                                                        :        0
INFO:iMPACT:2219 - Status register values:
INFO:iMPACT - 0011 1111 1000 1100 
INFO:iMPACT:579 - '1': Completed downloading bit file to device.
INFO:iMPACT:188 - '1': Programming completed successfully.
 LCK_cycle = NoWait.
LCK cycle: NoWait
INFO:iMPACT - '1': Checking done pin....done.
'1': Programmed successfully.
PROGRESS_END - End Operation.
Elapsed time =      1 sec.
INFO:iMPACT - Current time: 5/10/16 1:53 PM
Updating config file/home/admin/Documents/sl2/filipe-joao/relatorio-01/ULA/ula.bit...
Found sync word in bitstream.
// *** BATCH CMD : Program -p 1 -onlyFpga 
Maximum TCK operating frequency for this device chain: 10000000.
Validating chain...
Boundary-scan chain validated successfully.
Updating config file/home/admin/Documents/sl2/filipe-joao/relatorio-01/ULA/ula.bit...
PROGRESS_START - Starting Operation.
'1': Programming device...
 LCK_cycle = NoWait.
LCK cycle: NoWait
done.
'1': Reading status register contents...
CRC error                                                                  :        0
IDCODE not validated while writing FDRI                                    :        0
DCM Locked                                                                 :        1
status of GTS_CFG_B                                                        :        1
status of GWE                                                              :        1
status of GHIGH                                                            :        1
value of VSEL pin 0                                                        :        1
value of VSEL pin 1                                                        :        1
value of VSEL pin 2                                                        :        1
value of MODE pin M0                                                       :        0
value of MODE pin M1                                                       :        0
value of MODE pin M2                                                       :        0
value of CFG_RDY (INIT_B)                                                  :        1
DONEIN input from Done Pin                                                 :        1
SYNC word not found                                                        :        0
INFO:iMPACT:2219 - Status register values:
INFO:iMPACT - 0011 1111 1000 1100 
INFO:iMPACT:579 - '1': Completed downloading bit file to device.
INFO:iMPACT:188 - '1': Programming completed successfully.
 LCK_cycle = NoWait.
LCK cycle: NoWait
INFO:iMPACT - '1': Checking done pin....done.
'1': Programmed successfully.
PROGRESS_END - End Operation.
Elapsed time =      1 sec.
INFO:iMPACT - Current time: 5/10/16 1:54 PM
Updating config file/home/admin/Documents/sl2/filipe-joao/relatorio-01/ULA/ula.bit...
Found sync word in bitstream.
// *** BATCH CMD : Program -p 1 -onlyFpga 
Maximum TCK operating frequency for this device chain: 10000000.
Validating chain...
Boundary-scan chain validated successfully.
Updating config file/home/admin/Documents/sl2/filipe-joao/relatorio-01/ULA/ula.bit...
PROGRESS_START - Starting Operation.
'1': Programming device...
 LCK_cycle = NoWait.
LCK cycle: NoWait
done.
'1': Reading status register contents...
CRC error                                                                  :        0
IDCODE not validated while writing FDRI                                    :        0
DCM Locked                                                                 :        1
status of GTS_CFG_B                                                        :        1
status of GWE                                                              :        1
status of GHIGH                                                            :        1
value of VSEL pin 0                                                        :        1
value of VSEL pin 1                                                        :        1
value of VSEL pin 2                                                        :        1
value of MODE pin M0                                                       :        0
value of MODE pin M1                                                       :        0
value of MODE pin M2                                                       :        0
value of CFG_RDY (INIT_B)                                                  :        1
DONEIN input from Done Pin                                                 :        1
SYNC word not found                                                        :        0
INFO:iMPACT:2219 - Status register values:
INFO:iMPACT - 0011 1111 1000 1100 
INFO:iMPACT:579 - '1': Completed downloading bit file to device.
INFO:iMPACT:188 - '1': Programming completed successfully.
 LCK_cycle = NoWait.
LCK cycle: NoWait
INFO:iMPACT - '1': Checking done pin....done.
'1': Programmed successfully.
PROGRESS_END - End Operation.
Elapsed time =      1 sec.
INFO:iMPACT - Current time: 5/10/16 2:07 PM
Updating config file/home/admin/Documents/sl2/filipe-joao/relatorio-01/ULA/ula.bit...
Found sync word in bitstream.
// *** BATCH CMD : Program -p 1 -onlyFpga 
Maximum TCK operating frequency for this device chain: 10000000.
Validating chain...
Boundary-scan chain validated successfully.
Updating config file/home/admin/Documents/sl2/filipe-joao/relatorio-01/ULA/ula.bit...
PROGRESS_START - Starting Operation.
'1': Programming device...
 LCK_cycle = NoWait.
LCK cycle: NoWait
done.
'1': Reading status register contents...
CRC error                                                                  :        0
IDCODE not validated while writing FDRI                                    :        0
DCM Locked                                                                 :        1
status of GTS_CFG_B                                                        :        1
status of GWE                                                              :        1
status of GHIGH                                                            :        1
value of VSEL pin 0                                                        :        1
value of VSEL pin 1                                                        :        1
value of VSEL pin 2                                                        :        1
value of MODE pin M0                                                       :        0
value of MODE pin M1                                                       :        0
value of MODE pin M2                                                       :        0
value of CFG_RDY (INIT_B)                                                  :        1
DONEIN input from Done Pin                                                 :        1
SYNC word not found                                                        :        0
INFO:iMPACT:2219 - Status register values:
INFO:iMPACT - 0011 1111 1000 1100 
INFO:iMPACT:579 - '1': Completed downloading bit file to device.
INFO:iMPACT:188 - '1': Programming completed successfully.
 LCK_cycle = NoWait.
LCK cycle: NoWait
INFO:iMPACT - '1': Checking done pin....done.
'1': Programmed successfully.
PROGRESS_END - End Operation.
Elapsed time =      1 sec.
INFO:iMPACT - Current time: 5/10/16 2:15 PM
Updating config file/home/admin/Documents/sl2/filipe-joao/relatorio-01/ULA/ula.bit...
Found sync word in bitstream.
// *** BATCH CMD : Program -p 1 -onlyFpga 
Maximum TCK operating frequency for this device chain: 10000000.
Validating chain...
Boundary-scan chain validated successfully.
Updating config file/home/admin/Documents/sl2/filipe-joao/relatorio-01/ULA/ula.bit...
PROGRESS_START - Starting Operation.
'1': Programming device...
 LCK_cycle = NoWait.
LCK cycle: NoWait
done.
'1': Reading status register contents...
CRC error                                                                  :        0
IDCODE not validated while writing FDRI                                    :        0
DCM Locked                                                                 :        1
status of GTS_CFG_B                                                        :        1
status of GWE                                                              :        1
status of GHIGH                                                            :        1
value of VSEL pin 0                                                        :        1
value of VSEL pin 1                                                        :        1
value of VSEL pin 2                                                        :        1
value of MODE pin M0                                                       :        0
value of MODE pin M1                                                       :        0
value of MODE pin M2                                                       :        0
value of CFG_RDY (INIT_B)                                                  :        1
DONEIN input from Done Pin                                                 :        1
SYNC word not found                                                        :        0
INFO:iMPACT:2219 - Status register values:
INFO:iMPACT - 0011 1111 1000 1100 
INFO:iMPACT:579 - '1': Completed downloading bit file to device.
INFO:iMPACT:188 - '1': Programming completed successfully.
 LCK_cycle = NoWait.
LCK cycle: NoWait
INFO:iMPACT - '1': Checking done pin....done.
'1': Programmed successfully.
PROGRESS_END - End Operation.
Elapsed time =      1 sec.
INFO:iMPACT - Current time: 5/10/16 2:18 PM
Updating config file/home/admin/Documents/sl2/filipe-joao/relatorio-01/ULA/ula.bit...
Found sync word in bitstream.
// *** BATCH CMD : Program -p 1 -onlyFpga 
Maximum TCK operating frequency for this device chain: 10000000.
Validating chain...
Boundary-scan chain validated successfully.
Updating config file/home/admin/Documents/sl2/filipe-joao/relatorio-01/ULA/ula.bit...
PROGRESS_START - Starting Operation.
'1': Programming device...
 LCK_cycle = NoWait.
LCK cycle: NoWait
done.
'1': Reading status register contents...
CRC error                                                                  :        0
IDCODE not validated while writing FDRI                                    :        0
DCM Locked                                                                 :        1
status of GTS_CFG_B                                                        :        1
status of GWE                                                              :        1
status of GHIGH                                                            :        1
value of VSEL pin 0                                                        :        1
value of VSEL pin 1                                                        :        1
value of VSEL pin 2                                                        :        1
value of MODE pin M0                                                       :        0
value of MODE pin M1                                                       :        0
value of MODE pin M2                                                       :        0
value of CFG_RDY (INIT_B)                                                  :        1
DONEIN input from Done Pin                                                 :        1
SYNC word not found                                                        :        0
INFO:iMPACT:2219 - Status register values:
INFO:iMPACT - 0011 1111 1000 1100 
INFO:iMPACT:579 - '1': Completed downloading bit file to device.
INFO:iMPACT:188 - '1': Programming completed successfully.
 LCK_cycle = NoWait.
LCK cycle: NoWait
INFO:iMPACT - '1': Checking done pin....done.
'1': Programmed successfully.
PROGRESS_END - End Operation.
Elapsed time =      1 sec.
INFO:iMPACT - Current time: 5/10/16 2:20 PM
Updating config file/home/admin/Documents/sl2/filipe-joao/relatorio-01/ULA/ula.bit...
Found sync word in bitstream.
// *** BATCH CMD : Program -p 1 -onlyFpga 
Maximum TCK operating frequency for this device chain: 10000000.
Validating chain...
Boundary-scan chain validated successfully.
Updating config file/home/admin/Documents/sl2/filipe-joao/relatorio-01/ULA/ula.bit...
PROGRESS_START - Starting Operation.
'1': Programming device...
 LCK_cycle = NoWait.
LCK cycle: NoWait
done.
'1': Reading status register contents...
CRC error                                                                  :        0
IDCODE not validated while writing FDRI                                    :        0
DCM Locked                                                                 :        1
status of GTS_CFG_B                                                        :        1
status of GWE                                                              :        1
status of GHIGH                                                            :        1
value of VSEL pin 0                                                        :        1
value of VSEL pin 1                                                        :        1
value of VSEL pin 2                                                        :        1
value of MODE pin M0                                                       :        0
value of MODE pin M1                                                       :        0
value of MODE pin M2                                                       :        0
value of CFG_RDY (INIT_B)                                                  :        1
DONEIN input from Done Pin                                                 :        1
SYNC word not found                                                        :        0
INFO:iMPACT:2219 - Status register values:
INFO:iMPACT - 0011 1111 1000 1100 
INFO:iMPACT:579 - '1': Completed downloading bit file to device.
INFO:iMPACT:188 - '1': Programming completed successfully.
 LCK_cycle = NoWait.
LCK cycle: NoWait
INFO:iMPACT - '1': Checking done pin....done.
'1': Programmed successfully.
PROGRESS_END - End Operation.
Elapsed time =      1 sec.
INFO:iMPACT - Current time: 5/10/16 2:26 PM
Updating config file/home/admin/Documents/sl2/filipe-joao/relatorio-01/ULA/ula.bit...
Found sync word in bitstream.
// *** BATCH CMD : Program -p 1 -onlyFpga 
Maximum TCK operating frequency for this device chain: 10000000.
Validating chain...
Boundary-scan chain validated successfully.
Updating config file/home/admin/Documents/sl2/filipe-joao/relatorio-01/ULA/ula.bit...
PROGRESS_START - Starting Operation.
'1': Programming device...
 LCK_cycle = NoWait.
LCK cycle: NoWait
done.
'1': Reading status register contents...
CRC error                                                                  :        0
IDCODE not validated while writing FDRI                                    :        0
DCM Locked                                                                 :        1
status of GTS_CFG_B                                                        :        1
status of GWE                                                              :        1
status of GHIGH                                                            :        1
value of VSEL pin 0                                                        :        1
value of VSEL pin 1                                                        :        1
value of VSEL pin 2                                                        :        1
value of MODE pin M0                                                       :        0
value of MODE pin M1                                                       :        0
value of MODE pin M2                                                       :        0
value of CFG_RDY (INIT_B)                                                  :        1
DONEIN input from Done Pin                                                 :        1
SYNC word not found                                                        :        0
INFO:iMPACT:2219 - Status register values:
INFO:iMPACT - 0011 1111 1000 1100 
INFO:iMPACT:579 - '1': Completed downloading bit file to device.
INFO:iMPACT:188 - '1': Programming completed successfully.
 LCK_cycle = NoWait.
LCK cycle: NoWait
INFO:iMPACT - '1': Checking done pin....done.
'1': Programmed successfully.
PROGRESS_END - End Operation.
Elapsed time =      1 sec.
INFO:iMPACT - Current time: 5/10/16 2:38 PM
Updating config file/home/admin/Documents/sl2/filipe-joao/relatorio-01/ULA/ula.bit...
Found sync word in bitstream.
// *** BATCH CMD : Program -p 1 -onlyFpga 
Maximum TCK operating frequency for this device chain: 10000000.
Validating chain...
Boundary-scan chain validated successfully.
Updating config file/home/admin/Documents/sl2/filipe-joao/relatorio-01/ULA/ula.bit...
PROGRESS_START - Starting Operation.
'1': Programming device...
 LCK_cycle = NoWait.
LCK cycle: NoWait
done.
'1': Reading status register contents...
CRC error                                                                  :        0
IDCODE not validated while writing FDRI                                    :        0
DCM Locked                                                                 :        1
status of GTS_CFG_B                                                        :        1
status of GWE                                                              :        1
status of GHIGH                                                            :        1
value of VSEL pin 0                                                        :        1
value of VSEL pin 1                                                        :        1
value of VSEL pin 2                                                        :        1
value of MODE pin M0                                                       :        0
value of MODE pin M1                                                       :        0
value of MODE pin M2                                                       :        0
value of CFG_RDY (INIT_B)                                                  :        1
DONEIN input from Done Pin                                                 :        1
SYNC word not found                                                        :        0
INFO:iMPACT:2219 - Status register values:
INFO:iMPACT - 0011 1111 1000 1100 
INFO:iMPACT:579 - '1': Completed downloading bit file to device.
INFO:iMPACT:188 - '1': Programming completed successfully.
 LCK_cycle = NoWait.
LCK cycle: NoWait
INFO:iMPACT - '1': Checking done pin....done.
'1': Programmed successfully.
PROGRESS_END - End Operation.
Elapsed time =      1 sec.
Project: '/home/admin/Xilinx/DisplayController//auto_project.ipf' created.
// *** BATCH CMD : setMode -bs
// *** BATCH CMD : setMode -ss
// *** BATCH CMD : setMode -sm
// *** BATCH CMD : setMode -hw140
// *** BATCH CMD : setMode -spi
// *** BATCH CMD : setMode -acecf
// *** BATCH CMD : setMode -acempm
// *** BATCH CMD : setMode -pff
// *** BATCH CMD : setMode -bs
// *** BATCH CMD : saveProjectFile -file"/home/admin/Xilinx/DisplayController//auto_project.ipf"
INFO:iMPACT - User_EnvOsname: 'CentOS'
INFO:iMPACT - User_EnvOsrelease: 'CentOS release 6.2 (Final)'
// *** BATCH CMD : setMode -bs
INFO:iMPACT - Launching WebTalk, please refer to the webtalk log at   /home/admin/Xilinx/DisplayController/webtalk.log for details.
INFO:iMPACT - Running wbtc successfully.
// *** BATCH CMD : setMode -bs
// *** BATCH CMD : deleteDevice -position 1
----------------------------------------------------------------------
// *** BATCH CMD : deleteDevice -position 1
// *** BATCH CMD : setMode -bs
// *** BATCH CMD : setMode -ss
// *** BATCH CMD : setMode -sm
// *** BATCH CMD : setMode -hw140
// *** BATCH CMD : setMode -spi
// *** BATCH CMD : setMode -acecf
// *** BATCH CMD : setMode -acempm
// *** BATCH CMD : setMode -pff
